<?xml version="1.0" encoding="UTF-8"?>
<!-- Generated by org.testng.reporters.JUnitReportReporter -->
<testsuite skipped="0" hostname="DESKTOP-7OR325N" name="com.policybazaar.primary.Health_Insurance" tests="1" failures="0" timestamp="2021-03-03T15:43:09 IST" time="32.124" errors="0">
  <testcase name="healthInsurance" time="32.124" classname="com.policybazaar.primary.Health_Insurance"/>
  <system-out/>
</testsuite> <!-- com.policybazaar.primary.Health_Insurance -->
