<?xml version="1.0" encoding="UTF-8"?>
<!-- Generated by org.testng.reporters.JUnitReportReporter -->
<testsuite skipped="0" hostname="DESKTOP-7OR325N" name="com.policybazaar.primary.Travel_Insurance" tests="1" failures="0" timestamp="2021-03-03T19:04:43 IST" time="33.035" errors="0">
  <testcase name="travelInsurance" time="33.035" classname="com.policybazaar.primary.Travel_Insurance"/>
  <system-out/>
</testsuite> <!-- com.policybazaar.primary.Travel_Insurance -->
