<?xml version="1.0" encoding="UTF-8"?>
<!-- Generated by org.testng.reporters.JUnitReportReporter -->
<testsuite skipped="0" hostname="DESKTOP-7OR325N" name="com.policybazaar.primary.Health_Insurance" tests="1" failures="0" timestamp="2021-03-03T19:04:43 IST" time="28.704" errors="0">
  <testcase name="healthInsurance" time="28.704" classname="com.policybazaar.primary.Health_Insurance"/>
  <system-out/>
</testsuite> <!-- com.policybazaar.primary.Health_Insurance -->
